<?xml version="1.0" encoding="UTF-8"?>
<!-- Generated by org.testng.reporters.JUnitXMLReporter -->
<testsuite ignored="0" hostname="Swathi" failures="0" tests="4" name="Myntra Product Selection" time="69.022" errors="0" timestamp="2022-11-16T14:22:40 IST">
  <testcase classname="com.qa.testscript.TC_Myntra_SelectProduct_Category" name="Search_Product" time="8.322"/>
  <testcase classname="com.qa.testscript.TC_Myntra_SelectProduct_Category" name="Search_Product" time="8.614"/>
  <testcase classname="com.qa.testscript.TC_Myntra_SelectProduct_Category" name="Search_Product" time="5.27"/>
  <testcase classname="com.qa.testscript.TC_Myntra_SelectProduct_Category" name="Search_Product" time="4.63"/>
</testsuite> <!-- Myntra Product Selection -->
