<?xml version="1.0" encoding="UTF-8"?>
<testng-results ignored="0" total="4" passed="4" failed="0" skipped="0">
  <reporter-output>
    <line>
      <![CDATA[Title has the search term]]>
    </line>
    <line>
      <![CDATA[Title has the search term]]>
    </line>
    <line>
      <![CDATA[Title has the search term]]>
    </line>
    <line>
      <![CDATA[Title has the search term]]>
    </line>
  </reporter-output>
  <suite started-at="2022-11-16T14:21:30 IST" name="Test Automation using selenium" finished-at="2022-11-16T14:22:39 IST" duration-ms="69022">
    <groups>
    </groups>
    <test started-at="2022-11-16T14:21:30 IST" name="Myntra Product Selection" finished-at="2022-11-16T14:22:39 IST" duration-ms="69022">
      <class name="com.qa.testscript.TC_Myntra_SelectProduct_Category">
        <test-method is-config="true" signature="setup(java.lang.String,java.lang.String)[pri:0, instance:com.qa.testscript.TC_Myntra_SelectProduct_Category@6b2ea799]" started-at="2022-11-16T14:21:31 IST" name="setup" finished-at="2022-11-16T14:21:58 IST" duration-ms="27524" status="PASS">
          <params>
            <param index="0">
              <value>
                <![CDATA[chrome]]>
              </value>
            </param>
            <param index="1">
              <value>
                <![CDATA[https://www.myntra.com/]]>
              </value>
            </param>
          </params>
          <reporter-output>
          </reporter-output>
        </test-method> <!-- setup -->
        <test-method signature="Search_Product(java.lang.String,java.lang.String)[pri:0, instance:com.qa.testscript.TC_Myntra_SelectProduct_Category@6b2ea799]" started-at="2022-11-16T14:22:12 IST" name="Search_Product" data-provider="getData" finished-at="2022-11-16T14:22:20 IST" duration-ms="8322" status="PASS">
          <params>
            <param index="0">
              <value>
                <![CDATA[Mandarin Collar]]>
              </value>
            </param>
            <param index="1">
              <value>
                <![CDATA[Mandarin Collar]]>
              </value>
            </param>
          </params>
          <reporter-output>
            <line>
              <![CDATA[Title has the search term]]>
            </line>
          </reporter-output>
        </test-method> <!-- Search_Product -->
        <test-method signature="Search_Product(java.lang.String,java.lang.String)[pri:0, instance:com.qa.testscript.TC_Myntra_SelectProduct_Category@6b2ea799]" started-at="2022-11-16T14:22:21 IST" name="Search_Product" data-provider="getData" finished-at="2022-11-16T14:22:29 IST" duration-ms="8614" status="PASS">
          <params>
            <param index="0">
              <value>
                <![CDATA[Ethnic Wear]]>
              </value>
            </param>
            <param index="1">
              <value>
                <![CDATA[Ethnic Wear]]>
              </value>
            </param>
          </params>
          <reporter-output>
            <line>
              <![CDATA[Title has the search term]]>
            </line>
          </reporter-output>
        </test-method> <!-- Search_Product -->
        <test-method signature="Search_Product(java.lang.String,java.lang.String)[pri:0, instance:com.qa.testscript.TC_Myntra_SelectProduct_Category@6b2ea799]" started-at="2022-11-16T14:22:29 IST" name="Search_Product" data-provider="getData" finished-at="2022-11-16T14:22:35 IST" duration-ms="5270" status="PASS">
          <params>
            <param index="0">
              <value>
                <![CDATA[Casuals]]>
              </value>
            </param>
            <param index="1">
              <value>
                <![CDATA[Casuals]]>
              </value>
            </param>
          </params>
          <reporter-output>
            <line>
              <![CDATA[Title has the search term]]>
            </line>
          </reporter-output>
        </test-method> <!-- Search_Product -->
        <test-method signature="Search_Product(java.lang.String,java.lang.String)[pri:0, instance:com.qa.testscript.TC_Myntra_SelectProduct_Category@6b2ea799]" started-at="2022-11-16T14:22:35 IST" name="Search_Product" data-provider="getData" finished-at="2022-11-16T14:22:39 IST" duration-ms="4630" status="PASS">
          <params>
            <param index="0">
              <value>
                <![CDATA[Formals]]>
              </value>
            </param>
            <param index="1">
              <value>
                <![CDATA[Formals]]>
              </value>
            </param>
          </params>
          <reporter-output>
            <line>
              <![CDATA[Title has the search term]]>
            </line>
          </reporter-output>
        </test-method> <!-- Search_Product -->
      </class> <!-- com.qa.testscript.TC_Myntra_SelectProduct_Category -->
    </test> <!-- Myntra Product Selection -->
  </suite> <!-- Test Automation using selenium -->
</testng-results>
